[0.079s] DEBUG:colcon:Command line arguments: ['/usr/bin/colcon', 'list', '-p', '--base-paths', '/home/bakelbakel/Documents/Prisma_Lab/AutoNav/practiceDocker/ws']
[0.079s] DEBUG:colcon:Parsed command line arguments: Namespace(log_base=None, log_level=None, verb_name='list', build_base='build', ignore_user_meta=False, metas=['./colcon.meta'], base_paths=['/home/bakelbakel/Documents/Prisma_Lab/AutoNav/practiceDocker/ws'], packages_ignore=None, packages_ignore_regex=None, paths=None, packages_up_to=None, packages_up_to_regex=None, packages_above=None, packages_above_and_dependencies=None, packages_above_depth=None, packages_select_by_dep=None, packages_skip_by_dep=None, packages_skip_up_to=None, packages_select_build_failed=False, packages_skip_build_finished=False, packages_select_test_failures=False, packages_skip_test_passed=False, packages_select=None, packages_skip=None, packages_select_regex=None, packages_skip_regex=None, packages_start=None, packages_end=None, allow_overriding=[], topological_order=False, names_only=False, paths_only=True, topological_graph=False, topological_graph_dot=False, topological_graph_density=False, topological_graph_legend=False, topological_graph_dot_cluster=False, topological_graph_dot_include_skipped=False, mixin_files=None, mixin=None, verb_parser=<colcon_mixin.mixin.mixin_argument.MixinArgumentDecorator object at 0x7af4f60a9640>, verb_extension=<colcon_package_information.verb.list.ListVerb object at 0x7af4f60a88c0>, main=<bound method ListVerb.main of <colcon_package_information.verb.list.ListVerb object at 0x7af4f60a88c0>>, mixin_verb=('list',))
[0.113s] Level 1:colcon.colcon_core.package_discovery:discover_packages(colcon_meta) check parameters
[0.113s] Level 1:colcon.colcon_core.package_discovery:discover_packages(recursive) check parameters
[0.113s] Level 1:colcon.colcon_core.package_discovery:discover_packages(ignore) check parameters
[0.113s] Level 1:colcon.colcon_core.package_discovery:discover_packages(path) check parameters
[0.113s] Level 1:colcon.colcon_core.package_discovery:discover_packages(recursive) discover
[0.113s] INFO:colcon.colcon_core.package_discovery:Crawling recursively for packages in '/home/bakelbakel/Documents/Prisma_Lab/AutoNav/practiceDocker/ws'
[0.113s] Level 1:colcon.colcon_core.package_identification:_identify(/home/bakelbakel/Documents/Prisma_Lab/AutoNav/practiceDocker/ws) by extensions ['ignore', 'ignore_ament_install']
[0.113s] Level 1:colcon.colcon_core.package_identification:_identify(/home/bakelbakel/Documents/Prisma_Lab/AutoNav/practiceDocker/ws) by extension 'ignore'
[0.114s] Level 1:colcon.colcon_core.package_identification:_identify(/home/bakelbakel/Documents/Prisma_Lab/AutoNav/practiceDocker/ws) by extension 'ignore_ament_install'
[0.114s] Level 1:colcon.colcon_core.package_identification:_identify(/home/bakelbakel/Documents/Prisma_Lab/AutoNav/practiceDocker/ws) by extensions ['colcon_pkg']
[0.114s] Level 1:colcon.colcon_core.package_identification:_identify(/home/bakelbakel/Documents/Prisma_Lab/AutoNav/practiceDocker/ws) by extension 'colcon_pkg'
[0.114s] Level 1:colcon.colcon_core.package_identification:_identify(/home/bakelbakel/Documents/Prisma_Lab/AutoNav/practiceDocker/ws) by extensions ['colcon_meta']
[0.114s] Level 1:colcon.colcon_core.package_identification:_identify(/home/bakelbakel/Documents/Prisma_Lab/AutoNav/practiceDocker/ws) by extension 'colcon_meta'
[0.114s] Level 1:colcon.colcon_core.package_identification:_identify(/home/bakelbakel/Documents/Prisma_Lab/AutoNav/practiceDocker/ws) by extensions ['ros']
[0.114s] Level 1:colcon.colcon_core.package_identification:_identify(/home/bakelbakel/Documents/Prisma_Lab/AutoNav/practiceDocker/ws) by extension 'ros'
[0.141s] Level 1:colcon.colcon_core.package_identification:_identify(/home/bakelbakel/Documents/Prisma_Lab/AutoNav/practiceDocker/ws) by extensions ['cmake', 'python']
[0.141s] Level 1:colcon.colcon_core.package_identification:_identify(/home/bakelbakel/Documents/Prisma_Lab/AutoNav/practiceDocker/ws) by extension 'cmake'
[0.141s] Level 1:colcon.colcon_core.package_identification:_identify(/home/bakelbakel/Documents/Prisma_Lab/AutoNav/practiceDocker/ws) by extension 'python'
[0.141s] Level 1:colcon.colcon_core.package_identification:_identify(/home/bakelbakel/Documents/Prisma_Lab/AutoNav/practiceDocker/ws) by extensions ['python_setup_py']
[0.141s] Level 1:colcon.colcon_core.package_identification:_identify(/home/bakelbakel/Documents/Prisma_Lab/AutoNav/practiceDocker/ws) by extension 'python_setup_py'
[0.141s] Level 1:colcon.colcon_core.package_identification:_identify(/home/bakelbakel/Documents/Prisma_Lab/AutoNav/practiceDocker/ws/log) by extensions ['ignore', 'ignore_ament_install']
[0.141s] Level 1:colcon.colcon_core.package_identification:_identify(/home/bakelbakel/Documents/Prisma_Lab/AutoNav/practiceDocker/ws/log) by extension 'ignore'
[0.141s] Level 1:colcon.colcon_core.package_identification:_identify(/home/bakelbakel/Documents/Prisma_Lab/AutoNav/practiceDocker/ws/log) ignored
[0.141s] Level 1:colcon.colcon_core.package_identification:_identify(/home/bakelbakel/Documents/Prisma_Lab/AutoNav/practiceDocker/ws/src) by extensions ['ignore', 'ignore_ament_install']
[0.141s] Level 1:colcon.colcon_core.package_identification:_identify(/home/bakelbakel/Documents/Prisma_Lab/AutoNav/practiceDocker/ws/src) by extension 'ignore'
[0.141s] Level 1:colcon.colcon_core.package_identification:_identify(/home/bakelbakel/Documents/Prisma_Lab/AutoNav/practiceDocker/ws/src) by extension 'ignore_ament_install'
[0.142s] Level 1:colcon.colcon_core.package_identification:_identify(/home/bakelbakel/Documents/Prisma_Lab/AutoNav/practiceDocker/ws/src) by extensions ['colcon_pkg']
[0.142s] Level 1:colcon.colcon_core.package_identification:_identify(/home/bakelbakel/Documents/Prisma_Lab/AutoNav/practiceDocker/ws/src) by extension 'colcon_pkg'
[0.142s] Level 1:colcon.colcon_core.package_identification:_identify(/home/bakelbakel/Documents/Prisma_Lab/AutoNav/practiceDocker/ws/src) by extensions ['colcon_meta']
[0.142s] Level 1:colcon.colcon_core.package_identification:_identify(/home/bakelbakel/Documents/Prisma_Lab/AutoNav/practiceDocker/ws/src) by extension 'colcon_meta'
[0.142s] Level 1:colcon.colcon_core.package_identification:_identify(/home/bakelbakel/Documents/Prisma_Lab/AutoNav/practiceDocker/ws/src) by extensions ['ros']
[0.142s] Level 1:colcon.colcon_core.package_identification:_identify(/home/bakelbakel/Documents/Prisma_Lab/AutoNav/practiceDocker/ws/src) by extension 'ros'
[0.142s] Level 1:colcon.colcon_core.package_identification:_identify(/home/bakelbakel/Documents/Prisma_Lab/AutoNav/practiceDocker/ws/src) by extensions ['cmake', 'python']
[0.142s] Level 1:colcon.colcon_core.package_identification:_identify(/home/bakelbakel/Documents/Prisma_Lab/AutoNav/practiceDocker/ws/src) by extension 'cmake'
[0.142s] Level 1:colcon.colcon_core.package_identification:_identify(/home/bakelbakel/Documents/Prisma_Lab/AutoNav/practiceDocker/ws/src) by extension 'python'
[0.142s] Level 1:colcon.colcon_core.package_identification:_identify(/home/bakelbakel/Documents/Prisma_Lab/AutoNav/practiceDocker/ws/src) by extensions ['python_setup_py']
[0.142s] Level 1:colcon.colcon_core.package_identification:_identify(/home/bakelbakel/Documents/Prisma_Lab/AutoNav/practiceDocker/ws/src) by extension 'python_setup_py'
[0.142s] Level 1:colcon.colcon_core.package_identification:_identify(/home/bakelbakel/Documents/Prisma_Lab/AutoNav/practiceDocker/ws/src/costmap_converter) by extensions ['ignore', 'ignore_ament_install']
[0.142s] Level 1:colcon.colcon_core.package_identification:_identify(/home/bakelbakel/Documents/Prisma_Lab/AutoNav/practiceDocker/ws/src/costmap_converter) by extension 'ignore'
[0.142s] Level 1:colcon.colcon_core.package_identification:_identify(/home/bakelbakel/Documents/Prisma_Lab/AutoNav/practiceDocker/ws/src/costmap_converter) by extension 'ignore_ament_install'
[0.142s] Level 1:colcon.colcon_core.package_identification:_identify(/home/bakelbakel/Documents/Prisma_Lab/AutoNav/practiceDocker/ws/src/costmap_converter) by extensions ['colcon_pkg']
[0.142s] Level 1:colcon.colcon_core.package_identification:_identify(/home/bakelbakel/Documents/Prisma_Lab/AutoNav/practiceDocker/ws/src/costmap_converter) by extension 'colcon_pkg'
[0.142s] Level 1:colcon.colcon_core.package_identification:_identify(/home/bakelbakel/Documents/Prisma_Lab/AutoNav/practiceDocker/ws/src/costmap_converter) by extensions ['colcon_meta']
[0.142s] Level 1:colcon.colcon_core.package_identification:_identify(/home/bakelbakel/Documents/Prisma_Lab/AutoNav/practiceDocker/ws/src/costmap_converter) by extension 'colcon_meta'
[0.142s] Level 1:colcon.colcon_core.package_identification:_identify(/home/bakelbakel/Documents/Prisma_Lab/AutoNav/practiceDocker/ws/src/costmap_converter) by extensions ['ros']
[0.142s] Level 1:colcon.colcon_core.package_identification:_identify(/home/bakelbakel/Documents/Prisma_Lab/AutoNav/practiceDocker/ws/src/costmap_converter) by extension 'ros'
[0.142s] Level 1:colcon.colcon_core.package_identification:_identify(/home/bakelbakel/Documents/Prisma_Lab/AutoNav/practiceDocker/ws/src/costmap_converter) by extensions ['cmake', 'python']
[0.142s] Level 1:colcon.colcon_core.package_identification:_identify(/home/bakelbakel/Documents/Prisma_Lab/AutoNav/practiceDocker/ws/src/costmap_converter) by extension 'cmake'
[0.142s] Level 1:colcon.colcon_core.package_identification:_identify(/home/bakelbakel/Documents/Prisma_Lab/AutoNav/practiceDocker/ws/src/costmap_converter) by extension 'python'
[0.142s] Level 1:colcon.colcon_core.package_identification:_identify(/home/bakelbakel/Documents/Prisma_Lab/AutoNav/practiceDocker/ws/src/costmap_converter) by extensions ['python_setup_py']
[0.142s] Level 1:colcon.colcon_core.package_identification:_identify(/home/bakelbakel/Documents/Prisma_Lab/AutoNav/practiceDocker/ws/src/costmap_converter) by extension 'python_setup_py'
[0.142s] Level 1:colcon.colcon_core.package_identification:_identify(/home/bakelbakel/Documents/Prisma_Lab/AutoNav/practiceDocker/ws/src/costmap_converter/costmap_converter) by extensions ['ignore', 'ignore_ament_install']
[0.142s] Level 1:colcon.colcon_core.package_identification:_identify(/home/bakelbakel/Documents/Prisma_Lab/AutoNav/practiceDocker/ws/src/costmap_converter/costmap_converter) by extension 'ignore'
[0.143s] Level 1:colcon.colcon_core.package_identification:_identify(/home/bakelbakel/Documents/Prisma_Lab/AutoNav/practiceDocker/ws/src/costmap_converter/costmap_converter) by extension 'ignore_ament_install'
[0.143s] Level 1:colcon.colcon_core.package_identification:_identify(/home/bakelbakel/Documents/Prisma_Lab/AutoNav/practiceDocker/ws/src/costmap_converter/costmap_converter) by extensions ['colcon_pkg']
[0.143s] Level 1:colcon.colcon_core.package_identification:_identify(/home/bakelbakel/Documents/Prisma_Lab/AutoNav/practiceDocker/ws/src/costmap_converter/costmap_converter) by extension 'colcon_pkg'
[0.143s] Level 1:colcon.colcon_core.package_identification:_identify(/home/bakelbakel/Documents/Prisma_Lab/AutoNav/practiceDocker/ws/src/costmap_converter/costmap_converter) by extensions ['colcon_meta']
[0.143s] Level 1:colcon.colcon_core.package_identification:_identify(/home/bakelbakel/Documents/Prisma_Lab/AutoNav/practiceDocker/ws/src/costmap_converter/costmap_converter) by extension 'colcon_meta'
[0.143s] Level 1:colcon.colcon_core.package_identification:_identify(/home/bakelbakel/Documents/Prisma_Lab/AutoNav/practiceDocker/ws/src/costmap_converter/costmap_converter) by extensions ['ros']
[0.143s] Level 1:colcon.colcon_core.package_identification:_identify(/home/bakelbakel/Documents/Prisma_Lab/AutoNav/practiceDocker/ws/src/costmap_converter/costmap_converter) by extension 'ros'
[0.146s] DEBUG:colcon.colcon_core.package_identification:Package '/home/bakelbakel/Documents/Prisma_Lab/AutoNav/practiceDocker/ws/src/costmap_converter/costmap_converter' with type 'ros.ament_cmake' and name 'costmap_converter'
[0.146s] Level 1:colcon.colcon_core.package_identification:_identify(/home/bakelbakel/Documents/Prisma_Lab/AutoNav/practiceDocker/ws/src/costmap_converter/costmap_converter_msgs) by extensions ['ignore', 'ignore_ament_install']
[0.146s] Level 1:colcon.colcon_core.package_identification:_identify(/home/bakelbakel/Documents/Prisma_Lab/AutoNav/practiceDocker/ws/src/costmap_converter/costmap_converter_msgs) by extension 'ignore'
[0.146s] Level 1:colcon.colcon_core.package_identification:_identify(/home/bakelbakel/Documents/Prisma_Lab/AutoNav/practiceDocker/ws/src/costmap_converter/costmap_converter_msgs) by extension 'ignore_ament_install'
[0.146s] Level 1:colcon.colcon_core.package_identification:_identify(/home/bakelbakel/Documents/Prisma_Lab/AutoNav/practiceDocker/ws/src/costmap_converter/costmap_converter_msgs) by extensions ['colcon_pkg']
[0.146s] Level 1:colcon.colcon_core.package_identification:_identify(/home/bakelbakel/Documents/Prisma_Lab/AutoNav/practiceDocker/ws/src/costmap_converter/costmap_converter_msgs) by extension 'colcon_pkg'
[0.146s] Level 1:colcon.colcon_core.package_identification:_identify(/home/bakelbakel/Documents/Prisma_Lab/AutoNav/practiceDocker/ws/src/costmap_converter/costmap_converter_msgs) by extensions ['colcon_meta']
[0.146s] Level 1:colcon.colcon_core.package_identification:_identify(/home/bakelbakel/Documents/Prisma_Lab/AutoNav/practiceDocker/ws/src/costmap_converter/costmap_converter_msgs) by extension 'colcon_meta'
[0.147s] Level 1:colcon.colcon_core.package_identification:_identify(/home/bakelbakel/Documents/Prisma_Lab/AutoNav/practiceDocker/ws/src/costmap_converter/costmap_converter_msgs) by extensions ['ros']
[0.147s] Level 1:colcon.colcon_core.package_identification:_identify(/home/bakelbakel/Documents/Prisma_Lab/AutoNav/practiceDocker/ws/src/costmap_converter/costmap_converter_msgs) by extension 'ros'
[0.148s] DEBUG:colcon.colcon_core.package_identification:Package '/home/bakelbakel/Documents/Prisma_Lab/AutoNav/practiceDocker/ws/src/costmap_converter/costmap_converter_msgs' with type 'ros.ament_cmake' and name 'costmap_converter_msgs'
[0.148s] Level 1:colcon.colcon_core.package_identification:_identify(/home/bakelbakel/Documents/Prisma_Lab/AutoNav/practiceDocker/ws/src/teb_local_planner) by extensions ['ignore', 'ignore_ament_install']
[0.148s] Level 1:colcon.colcon_core.package_identification:_identify(/home/bakelbakel/Documents/Prisma_Lab/AutoNav/practiceDocker/ws/src/teb_local_planner) by extension 'ignore'
[0.148s] Level 1:colcon.colcon_core.package_identification:_identify(/home/bakelbakel/Documents/Prisma_Lab/AutoNav/practiceDocker/ws/src/teb_local_planner) by extension 'ignore_ament_install'
[0.148s] Level 1:colcon.colcon_core.package_identification:_identify(/home/bakelbakel/Documents/Prisma_Lab/AutoNav/practiceDocker/ws/src/teb_local_planner) by extensions ['colcon_pkg']
[0.148s] Level 1:colcon.colcon_core.package_identification:_identify(/home/bakelbakel/Documents/Prisma_Lab/AutoNav/practiceDocker/ws/src/teb_local_planner) by extension 'colcon_pkg'
[0.148s] Level 1:colcon.colcon_core.package_identification:_identify(/home/bakelbakel/Documents/Prisma_Lab/AutoNav/practiceDocker/ws/src/teb_local_planner) by extensions ['colcon_meta']
[0.148s] Level 1:colcon.colcon_core.package_identification:_identify(/home/bakelbakel/Documents/Prisma_Lab/AutoNav/practiceDocker/ws/src/teb_local_planner) by extension 'colcon_meta'
[0.148s] Level 1:colcon.colcon_core.package_identification:_identify(/home/bakelbakel/Documents/Prisma_Lab/AutoNav/practiceDocker/ws/src/teb_local_planner) by extensions ['ros']
[0.148s] Level 1:colcon.colcon_core.package_identification:_identify(/home/bakelbakel/Documents/Prisma_Lab/AutoNav/practiceDocker/ws/src/teb_local_planner) by extension 'ros'
[0.148s] Level 1:colcon.colcon_core.package_identification:_identify(/home/bakelbakel/Documents/Prisma_Lab/AutoNav/practiceDocker/ws/src/teb_local_planner) by extensions ['cmake', 'python']
[0.148s] Level 1:colcon.colcon_core.package_identification:_identify(/home/bakelbakel/Documents/Prisma_Lab/AutoNav/practiceDocker/ws/src/teb_local_planner) by extension 'cmake'
[0.148s] Level 1:colcon.colcon_core.package_identification:_identify(/home/bakelbakel/Documents/Prisma_Lab/AutoNav/practiceDocker/ws/src/teb_local_planner) by extension 'python'
[0.149s] Level 1:colcon.colcon_core.package_identification:_identify(/home/bakelbakel/Documents/Prisma_Lab/AutoNav/practiceDocker/ws/src/teb_local_planner) by extensions ['python_setup_py']
[0.149s] Level 1:colcon.colcon_core.package_identification:_identify(/home/bakelbakel/Documents/Prisma_Lab/AutoNav/practiceDocker/ws/src/teb_local_planner) by extension 'python_setup_py'
[0.149s] Level 1:colcon.colcon_core.package_identification:_identify(/home/bakelbakel/Documents/Prisma_Lab/AutoNav/practiceDocker/ws/src/teb_local_planner/teb_local_planner) by extensions ['ignore', 'ignore_ament_install']
[0.149s] Level 1:colcon.colcon_core.package_identification:_identify(/home/bakelbakel/Documents/Prisma_Lab/AutoNav/practiceDocker/ws/src/teb_local_planner/teb_local_planner) by extension 'ignore'
[0.149s] Level 1:colcon.colcon_core.package_identification:_identify(/home/bakelbakel/Documents/Prisma_Lab/AutoNav/practiceDocker/ws/src/teb_local_planner/teb_local_planner) by extension 'ignore_ament_install'
[0.149s] Level 1:colcon.colcon_core.package_identification:_identify(/home/bakelbakel/Documents/Prisma_Lab/AutoNav/practiceDocker/ws/src/teb_local_planner/teb_local_planner) by extensions ['colcon_pkg']
[0.149s] Level 1:colcon.colcon_core.package_identification:_identify(/home/bakelbakel/Documents/Prisma_Lab/AutoNav/practiceDocker/ws/src/teb_local_planner/teb_local_planner) by extension 'colcon_pkg'
[0.149s] Level 1:colcon.colcon_core.package_identification:_identify(/home/bakelbakel/Documents/Prisma_Lab/AutoNav/practiceDocker/ws/src/teb_local_planner/teb_local_planner) by extensions ['colcon_meta']
[0.149s] Level 1:colcon.colcon_core.package_identification:_identify(/home/bakelbakel/Documents/Prisma_Lab/AutoNav/practiceDocker/ws/src/teb_local_planner/teb_local_planner) by extension 'colcon_meta'
[0.149s] Level 1:colcon.colcon_core.package_identification:_identify(/home/bakelbakel/Documents/Prisma_Lab/AutoNav/practiceDocker/ws/src/teb_local_planner/teb_local_planner) by extensions ['ros']
[0.149s] Level 1:colcon.colcon_core.package_identification:_identify(/home/bakelbakel/Documents/Prisma_Lab/AutoNav/practiceDocker/ws/src/teb_local_planner/teb_local_planner) by extension 'ros'
[0.154s] DEBUG:colcon.colcon_core.package_identification:Package '/home/bakelbakel/Documents/Prisma_Lab/AutoNav/practiceDocker/ws/src/teb_local_planner/teb_local_planner' with type 'ros.ament_cmake' and name 'teb_local_planner'
[0.155s] Level 1:colcon.colcon_core.package_identification:_identify(/home/bakelbakel/Documents/Prisma_Lab/AutoNav/practiceDocker/ws/src/teb_local_planner/teb_msgs) by extensions ['ignore', 'ignore_ament_install']
[0.155s] Level 1:colcon.colcon_core.package_identification:_identify(/home/bakelbakel/Documents/Prisma_Lab/AutoNav/practiceDocker/ws/src/teb_local_planner/teb_msgs) by extension 'ignore'
[0.155s] Level 1:colcon.colcon_core.package_identification:_identify(/home/bakelbakel/Documents/Prisma_Lab/AutoNav/practiceDocker/ws/src/teb_local_planner/teb_msgs) by extension 'ignore_ament_install'
[0.155s] Level 1:colcon.colcon_core.package_identification:_identify(/home/bakelbakel/Documents/Prisma_Lab/AutoNav/practiceDocker/ws/src/teb_local_planner/teb_msgs) by extensions ['colcon_pkg']
[0.155s] Level 1:colcon.colcon_core.package_identification:_identify(/home/bakelbakel/Documents/Prisma_Lab/AutoNav/practiceDocker/ws/src/teb_local_planner/teb_msgs) by extension 'colcon_pkg'
[0.155s] Level 1:colcon.colcon_core.package_identification:_identify(/home/bakelbakel/Documents/Prisma_Lab/AutoNav/practiceDocker/ws/src/teb_local_planner/teb_msgs) by extensions ['colcon_meta']
[0.155s] Level 1:colcon.colcon_core.package_identification:_identify(/home/bakelbakel/Documents/Prisma_Lab/AutoNav/practiceDocker/ws/src/teb_local_planner/teb_msgs) by extension 'colcon_meta'
[0.155s] Level 1:colcon.colcon_core.package_identification:_identify(/home/bakelbakel/Documents/Prisma_Lab/AutoNav/practiceDocker/ws/src/teb_local_planner/teb_msgs) by extensions ['ros']
[0.155s] Level 1:colcon.colcon_core.package_identification:_identify(/home/bakelbakel/Documents/Prisma_Lab/AutoNav/practiceDocker/ws/src/teb_local_planner/teb_msgs) by extension 'ros'
[0.156s] DEBUG:colcon.colcon_core.package_identification:Package '/home/bakelbakel/Documents/Prisma_Lab/AutoNav/practiceDocker/ws/src/teb_local_planner/teb_msgs' with type 'ros.ament_cmake' and name 'teb_msgs'
[0.156s] Level 1:colcon.colcon_core.package_identification:_identify(/home/bakelbakel/Documents/Prisma_Lab/AutoNav/practiceDocker/ws/src/vision_opencv) by extensions ['ignore', 'ignore_ament_install']
[0.156s] Level 1:colcon.colcon_core.package_identification:_identify(/home/bakelbakel/Documents/Prisma_Lab/AutoNav/practiceDocker/ws/src/vision_opencv) by extension 'ignore'
[0.156s] Level 1:colcon.colcon_core.package_identification:_identify(/home/bakelbakel/Documents/Prisma_Lab/AutoNav/practiceDocker/ws/src/vision_opencv) by extension 'ignore_ament_install'
[0.156s] Level 1:colcon.colcon_core.package_identification:_identify(/home/bakelbakel/Documents/Prisma_Lab/AutoNav/practiceDocker/ws/src/vision_opencv) by extensions ['colcon_pkg']
[0.156s] Level 1:colcon.colcon_core.package_identification:_identify(/home/bakelbakel/Documents/Prisma_Lab/AutoNav/practiceDocker/ws/src/vision_opencv) by extension 'colcon_pkg'
[0.157s] Level 1:colcon.colcon_core.package_identification:_identify(/home/bakelbakel/Documents/Prisma_Lab/AutoNav/practiceDocker/ws/src/vision_opencv) by extensions ['colcon_meta']
[0.157s] Level 1:colcon.colcon_core.package_identification:_identify(/home/bakelbakel/Documents/Prisma_Lab/AutoNav/practiceDocker/ws/src/vision_opencv) by extension 'colcon_meta'
[0.157s] Level 1:colcon.colcon_core.package_identification:_identify(/home/bakelbakel/Documents/Prisma_Lab/AutoNav/practiceDocker/ws/src/vision_opencv) by extensions ['ros']
[0.157s] Level 1:colcon.colcon_core.package_identification:_identify(/home/bakelbakel/Documents/Prisma_Lab/AutoNav/practiceDocker/ws/src/vision_opencv) by extension 'ros'
[0.157s] Level 1:colcon.colcon_core.package_identification:_identify(/home/bakelbakel/Documents/Prisma_Lab/AutoNav/practiceDocker/ws/src/vision_opencv) by extensions ['cmake', 'python']
[0.157s] Level 1:colcon.colcon_core.package_identification:_identify(/home/bakelbakel/Documents/Prisma_Lab/AutoNav/practiceDocker/ws/src/vision_opencv) by extension 'cmake'
[0.157s] Level 1:colcon.colcon_core.package_identification:_identify(/home/bakelbakel/Documents/Prisma_Lab/AutoNav/practiceDocker/ws/src/vision_opencv) by extension 'python'
[0.157s] Level 1:colcon.colcon_core.package_identification:_identify(/home/bakelbakel/Documents/Prisma_Lab/AutoNav/practiceDocker/ws/src/vision_opencv) by extensions ['python_setup_py']
[0.157s] Level 1:colcon.colcon_core.package_identification:_identify(/home/bakelbakel/Documents/Prisma_Lab/AutoNav/practiceDocker/ws/src/vision_opencv) by extension 'python_setup_py'
[0.157s] Level 1:colcon.colcon_core.package_identification:_identify(/home/bakelbakel/Documents/Prisma_Lab/AutoNav/practiceDocker/ws/src/vision_opencv/cv_bridge) by extensions ['ignore', 'ignore_ament_install']
[0.157s] Level 1:colcon.colcon_core.package_identification:_identify(/home/bakelbakel/Documents/Prisma_Lab/AutoNav/practiceDocker/ws/src/vision_opencv/cv_bridge) by extension 'ignore'
[0.157s] Level 1:colcon.colcon_core.package_identification:_identify(/home/bakelbakel/Documents/Prisma_Lab/AutoNav/practiceDocker/ws/src/vision_opencv/cv_bridge) by extension 'ignore_ament_install'
[0.157s] Level 1:colcon.colcon_core.package_identification:_identify(/home/bakelbakel/Documents/Prisma_Lab/AutoNav/practiceDocker/ws/src/vision_opencv/cv_bridge) by extensions ['colcon_pkg']
[0.157s] Level 1:colcon.colcon_core.package_identification:_identify(/home/bakelbakel/Documents/Prisma_Lab/AutoNav/practiceDocker/ws/src/vision_opencv/cv_bridge) by extension 'colcon_pkg'
[0.157s] Level 1:colcon.colcon_core.package_identification:_identify(/home/bakelbakel/Documents/Prisma_Lab/AutoNav/practiceDocker/ws/src/vision_opencv/cv_bridge) by extensions ['colcon_meta']
[0.157s] Level 1:colcon.colcon_core.package_identification:_identify(/home/bakelbakel/Documents/Prisma_Lab/AutoNav/practiceDocker/ws/src/vision_opencv/cv_bridge) by extension 'colcon_meta'
[0.157s] Level 1:colcon.colcon_core.package_identification:_identify(/home/bakelbakel/Documents/Prisma_Lab/AutoNav/practiceDocker/ws/src/vision_opencv/cv_bridge) by extensions ['ros']
[0.157s] Level 1:colcon.colcon_core.package_identification:_identify(/home/bakelbakel/Documents/Prisma_Lab/AutoNav/practiceDocker/ws/src/vision_opencv/cv_bridge) by extension 'ros'
[0.158s] DEBUG:colcon.colcon_core.package_identification:Package '/home/bakelbakel/Documents/Prisma_Lab/AutoNav/practiceDocker/ws/src/vision_opencv/cv_bridge' with type 'ros.ament_cmake' and name 'cv_bridge'
[0.158s] Level 1:colcon.colcon_core.package_identification:_identify(/home/bakelbakel/Documents/Prisma_Lab/AutoNav/practiceDocker/ws/src/vision_opencv/image_geometry) by extensions ['ignore', 'ignore_ament_install']
[0.158s] Level 1:colcon.colcon_core.package_identification:_identify(/home/bakelbakel/Documents/Prisma_Lab/AutoNav/practiceDocker/ws/src/vision_opencv/image_geometry) by extension 'ignore'
[0.159s] Level 1:colcon.colcon_core.package_identification:_identify(/home/bakelbakel/Documents/Prisma_Lab/AutoNav/practiceDocker/ws/src/vision_opencv/image_geometry) by extension 'ignore_ament_install'
[0.159s] Level 1:colcon.colcon_core.package_identification:_identify(/home/bakelbakel/Documents/Prisma_Lab/AutoNav/practiceDocker/ws/src/vision_opencv/image_geometry) by extensions ['colcon_pkg']
[0.159s] Level 1:colcon.colcon_core.package_identification:_identify(/home/bakelbakel/Documents/Prisma_Lab/AutoNav/practiceDocker/ws/src/vision_opencv/image_geometry) by extension 'colcon_pkg'
[0.159s] Level 1:colcon.colcon_core.package_identification:_identify(/home/bakelbakel/Documents/Prisma_Lab/AutoNav/practiceDocker/ws/src/vision_opencv/image_geometry) by extensions ['colcon_meta']
[0.159s] Level 1:colcon.colcon_core.package_identification:_identify(/home/bakelbakel/Documents/Prisma_Lab/AutoNav/practiceDocker/ws/src/vision_opencv/image_geometry) by extension 'colcon_meta'
[0.159s] Level 1:colcon.colcon_core.package_identification:_identify(/home/bakelbakel/Documents/Prisma_Lab/AutoNav/practiceDocker/ws/src/vision_opencv/image_geometry) by extensions ['ros']
[0.159s] Level 1:colcon.colcon_core.package_identification:_identify(/home/bakelbakel/Documents/Prisma_Lab/AutoNav/practiceDocker/ws/src/vision_opencv/image_geometry) by extension 'ros'
[0.159s] DEBUG:colcon.colcon_core.package_identification:Package '/home/bakelbakel/Documents/Prisma_Lab/AutoNav/practiceDocker/ws/src/vision_opencv/image_geometry' with type 'ros.ament_cmake' and name 'image_geometry'
[0.159s] Level 1:colcon.colcon_core.package_identification:_identify(/home/bakelbakel/Documents/Prisma_Lab/AutoNav/practiceDocker/ws/src/vision_opencv/opencv_tests) by extensions ['ignore', 'ignore_ament_install']
[0.160s] Level 1:colcon.colcon_core.package_identification:_identify(/home/bakelbakel/Documents/Prisma_Lab/AutoNav/practiceDocker/ws/src/vision_opencv/opencv_tests) by extension 'ignore'
[0.160s] Level 1:colcon.colcon_core.package_identification:_identify(/home/bakelbakel/Documents/Prisma_Lab/AutoNav/practiceDocker/ws/src/vision_opencv/opencv_tests) by extension 'ignore_ament_install'
[0.160s] Level 1:colcon.colcon_core.package_identification:_identify(/home/bakelbakel/Documents/Prisma_Lab/AutoNav/practiceDocker/ws/src/vision_opencv/opencv_tests) by extensions ['colcon_pkg']
[0.160s] Level 1:colcon.colcon_core.package_identification:_identify(/home/bakelbakel/Documents/Prisma_Lab/AutoNav/practiceDocker/ws/src/vision_opencv/opencv_tests) by extension 'colcon_pkg'
[0.160s] Level 1:colcon.colcon_core.package_identification:_identify(/home/bakelbakel/Documents/Prisma_Lab/AutoNav/practiceDocker/ws/src/vision_opencv/opencv_tests) by extensions ['colcon_meta']
[0.160s] Level 1:colcon.colcon_core.package_identification:_identify(/home/bakelbakel/Documents/Prisma_Lab/AutoNav/practiceDocker/ws/src/vision_opencv/opencv_tests) by extension 'colcon_meta'
[0.160s] Level 1:colcon.colcon_core.package_identification:_identify(/home/bakelbakel/Documents/Prisma_Lab/AutoNav/practiceDocker/ws/src/vision_opencv/opencv_tests) by extensions ['ros']
[0.160s] Level 1:colcon.colcon_core.package_identification:_identify(/home/bakelbakel/Documents/Prisma_Lab/AutoNav/practiceDocker/ws/src/vision_opencv/opencv_tests) by extension 'ros'
[0.160s] DEBUG:colcon.colcon_core.package_identification:Package '/home/bakelbakel/Documents/Prisma_Lab/AutoNav/practiceDocker/ws/src/vision_opencv/opencv_tests' with type 'ros.ament_python' and name 'opencv_tests'
[0.160s] Level 1:colcon.colcon_core.package_identification:_identify(/home/bakelbakel/Documents/Prisma_Lab/AutoNav/practiceDocker/ws/src/vision_opencv/vision_opencv) by extensions ['ignore', 'ignore_ament_install']
[0.161s] Level 1:colcon.colcon_core.package_identification:_identify(/home/bakelbakel/Documents/Prisma_Lab/AutoNav/practiceDocker/ws/src/vision_opencv/vision_opencv) by extension 'ignore'
[0.161s] Level 1:colcon.colcon_core.package_identification:_identify(/home/bakelbakel/Documents/Prisma_Lab/AutoNav/practiceDocker/ws/src/vision_opencv/vision_opencv) by extension 'ignore_ament_install'
[0.161s] Level 1:colcon.colcon_core.package_identification:_identify(/home/bakelbakel/Documents/Prisma_Lab/AutoNav/practiceDocker/ws/src/vision_opencv/vision_opencv) by extensions ['colcon_pkg']
[0.161s] Level 1:colcon.colcon_core.package_identification:_identify(/home/bakelbakel/Documents/Prisma_Lab/AutoNav/practiceDocker/ws/src/vision_opencv/vision_opencv) by extension 'colcon_pkg'
[0.161s] Level 1:colcon.colcon_core.package_identification:_identify(/home/bakelbakel/Documents/Prisma_Lab/AutoNav/practiceDocker/ws/src/vision_opencv/vision_opencv) by extensions ['colcon_meta']
[0.161s] Level 1:colcon.colcon_core.package_identification:_identify(/home/bakelbakel/Documents/Prisma_Lab/AutoNav/practiceDocker/ws/src/vision_opencv/vision_opencv) by extension 'colcon_meta'
[0.161s] Level 1:colcon.colcon_core.package_identification:_identify(/home/bakelbakel/Documents/Prisma_Lab/AutoNav/practiceDocker/ws/src/vision_opencv/vision_opencv) by extensions ['ros']
[0.161s] Level 1:colcon.colcon_core.package_identification:_identify(/home/bakelbakel/Documents/Prisma_Lab/AutoNav/practiceDocker/ws/src/vision_opencv/vision_opencv) by extension 'ros'
[0.162s] DEBUG:colcon.colcon_core.package_identification:Package '/home/bakelbakel/Documents/Prisma_Lab/AutoNav/practiceDocker/ws/src/vision_opencv/vision_opencv' with type 'ros.ament_cmake' and name 'vision_opencv'
[0.162s] Level 1:colcon.colcon_core.package_discovery:discover_packages(recursive) using defaults
